2023-10-15 18:10:13,002 [INFO] Activator:176 - 


2023-10-15 18:10:13,004 [INFO] Activator:177 - !SESSION log4j initialized
2023-10-15 18:10:16,678 [INFO] LogOutputStream:77 - [STDOUT_REDIRECT] 
2023-10-15 18:10:19,911 [INFO] ApplicationProperties:184 - Using Application install path: C:\ST\STM32CubeIDE_1.13.2\STM32CubeIDE\plugins\com.st.stm32cube.common.mx_6.9.2.202309101412
2023-10-15 18:10:19,936 [INFO] DbMcusXml:78 - Set database path to: C:\ST\STM32CubeIDE_1.13.2\STM32CubeIDE\plugins\com.st.stm32cube.common.mx_6.9.2.202309101412\\db\/mcu/
2023-10-15 18:10:19,936 [INFO] ApiDb:274 - Set plugin database path to: C:\ST\STM32CubeIDE_1.13.2\STM32CubeIDE\plugins\com.st.stm32cube.common.mx_6.9.2.202309101412\\db\/plugins/boardmanager/
2023-10-15 18:10:19,937 [WARN] ApiDb:259 - Overriding images path with different value:  => C:\ST\STM32CubeIDE_1.13.2\STM32CubeIDE\plugins\com.st.stm32cube.common.mx_6.9.2.202309101412\\db\/plugins/mcufinder/images/
2023-10-15 18:10:19,960 [INFO] ApiDb:250 - Set database path to: C:\Users\giova\.stmcufinder\plugins\mcufinder//mcu/
2023-10-15 18:10:19,962 [INFO] DbMcusAds:125 - Set database path to: C:\Users\giova\.stmcufinder\plugins\mcufinder//mcu/
2023-10-15 18:10:19,964 [INFO] CrossReferenceDbSqlite:203 - Set database path to: C:\Users\giova\.stmcufinder\plugins\mcufinder//mcu/cs/
2023-10-15 18:10:20,115 [INFO] RulesReader:64 - Compatibility file has been processed (293 Rules)
2023-10-15 18:10:20,229 [INFO] DbMcusXml:78 - Set database path to: C:\ST\STM32CubeIDE_1.13.2\STM32CubeIDE\plugins\com.st.stm32cube.common.mx_6.9.2.202309101412\\db\/mcu/
2023-10-15 18:10:20,230 [INFO] ApiDb:274 - Set plugin database path to: C:\ST\STM32CubeIDE_1.13.2\STM32CubeIDE\plugins\com.st.stm32cube.common.mx_6.9.2.202309101412\\db\/plugins/boardmanager/
2023-10-15 18:10:20,230 [INFO] ApiDb:261 - Set plugin images path to: C:\ST\STM32CubeIDE_1.13.2\STM32CubeIDE\plugins\com.st.stm32cube.common.mx_6.9.2.202309101412\\db\/plugins/mcufinder/images/
2023-10-15 18:10:20,230 [WARN] DbFile:41 - Overriding database path with different value: C:\Users\giova\.stmcufinder\plugins\mcufinder/ => C:\Users\giova\.stmcufinder\plugins\mcufinder
2023-10-15 18:10:20,230 [INFO] ApiDb:250 - Set database path to: C:\Users\giova\.stmcufinder\plugins\mcufinder//mcu/
2023-10-15 18:10:20,231 [WARN] DbFile:41 - Overriding database path with different value: C:\Users\giova\.stmcufinder\plugins\mcufinder/ => C:\Users\giova\.stmcufinder\plugins\mcufinder
2023-10-15 18:10:20,231 [INFO] DbMcusAds:125 - Set database path to: C:\Users\giova\.stmcufinder\plugins\mcufinder//mcu/
2023-10-15 18:10:20,231 [WARN] DbFile:41 - Overriding database path with different value: C:\Users\giova\.stmcufinder\plugins\mcufinder/ => C:\Users\giova\.stmcufinder\plugins\mcufinder
2023-10-15 18:10:20,231 [WARN] DbFile:41 - Overriding database path with different value: C:\Users\giova\.stmcufinder\plugins\mcufinder/ => C:\Users\giova\.stmcufinder\plugins\mcufinder
2023-10-15 18:10:20,231 [INFO] CrossReferenceDbSqlite:203 - Set database path to: C:\Users\giova\.stmcufinder\plugins\mcufinder//mcu/cs/
2023-10-15 18:10:20,331 [INFO] MainPanel:262 - HeapMemory: 268435456
2023-10-15 18:10:20,370 [ERROR] ConfigurationRetriever:142 - IOException on connection: Read timed out
2023-10-15 18:10:20,471 [INFO] DbMcusXml:78 - Set database path to: C:\ST\STM32CubeIDE_1.13.2\STM32CubeIDE\plugins\com.st.stm32cube.common.mx_6.9.2.202309101412\\db\/mcu/
2023-10-15 18:10:20,472 [INFO] ApiDb:274 - Set plugin database path to: C:\ST\STM32CubeIDE_1.13.2\STM32CubeIDE\plugins\com.st.stm32cube.common.mx_6.9.2.202309101412\\db\/plugins/boardmanager/
2023-10-15 18:10:20,472 [INFO] ApiDb:261 - Set plugin images path to: C:\ST\STM32CubeIDE_1.13.2\STM32CubeIDE\plugins\com.st.stm32cube.common.mx_6.9.2.202309101412\\db\/plugins/mcufinder/images/
2023-10-15 18:10:20,473 [WARN] DbFile:41 - Overriding database path with different value: C:\Users\giova\.stmcufinder\plugins\mcufinder/ => C:\Users\giova\.stmcufinder\plugins\mcufinder
2023-10-15 18:10:20,473 [INFO] ApiDb:250 - Set database path to: C:\Users\giova\.stmcufinder\plugins\mcufinder//mcu/
2023-10-15 18:10:20,473 [WARN] DbFile:41 - Overriding database path with different value: C:\Users\giova\.stmcufinder\plugins\mcufinder/ => C:\Users\giova\.stmcufinder\plugins\mcufinder
2023-10-15 18:10:20,473 [INFO] DbMcusAds:125 - Set database path to: C:\Users\giova\.stmcufinder\plugins\mcufinder//mcu/
2023-10-15 18:10:20,473 [WARN] DbFile:41 - Overriding database path with different value: C:\Users\giova\.stmcufinder\plugins\mcufinder/ => C:\Users\giova\.stmcufinder\plugins\mcufinder
2023-10-15 18:10:20,473 [WARN] DbFile:41 - Overriding database path with different value: C:\Users\giova\.stmcufinder\plugins\mcufinder/ => C:\Users\giova\.stmcufinder\plugins\mcufinder
2023-10-15 18:10:20,473 [INFO] CrossReferenceDbSqlite:203 - Set database path to: C:\Users\giova\.stmcufinder\plugins\mcufinder//mcu/cs/
2023-10-15 18:10:20,500 [INFO] ApplicationProperties:184 - Using Application install path: C:\ST\STM32CubeIDE_1.13.2\STM32CubeIDE\plugins\com.st.stm32cube.common.mx_6.9.2.202309101412
2023-10-15 18:10:20,502 [INFO] PluginManage:196 - Search for loadable plugins [exclusion list=, ]
2023-10-15 18:10:20,503 [INFO] PluginManage:310 - Check plugin analytics
2023-10-15 18:10:20,718 [INFO] AnalyticsPlugin:253 - Accepted Software Licenses: STM32CubeMX.6.8.1,STM32CubeMX.6.9.2
2023-10-15 18:10:20,719 [INFO] AnalyticsPlugin:255 - Accepted CMSIS Pack Licenses: 
2023-10-15 18:10:20,720 [INFO] AnalyticsPlugin:257 - Accepted Firmware Licenses: FW.F4.1.27.0
2023-10-15 18:10:20,723 [INFO] PluginManage:359 - Loaded plugin analytics (category:tool,tabindex:-1)
2023-10-15 18:10:20,724 [INFO] PluginManage:310 - Check plugin cadmodel
2023-10-15 18:10:20,747 [INFO] CADModel:105 - Init CAD model plugin
2023-10-15 18:10:20,747 [INFO] PluginManage:359 - Loaded plugin cadmodel (category:power,tabindex:5)
2023-10-15 18:10:20,748 [INFO] PluginManage:310 - Check plugin clock
2023-10-15 18:10:20,773 [INFO] PluginManage:359 - Loaded plugin clock (category:base,tabindex:2)
2023-10-15 18:10:20,773 [INFO] PluginManage:310 - Check plugin ddr
2023-10-15 18:10:20,778 [INFO] PluginManage:359 - Loaded plugin ddr (category:tool,tabindex:6)
2023-10-15 18:10:20,778 [INFO] PluginManage:310 - Check plugin filemanager
2023-10-15 18:10:20,946 [INFO] PluginManage:359 - Loaded plugin filemanager (category:base,tabindex:10)
2023-10-15 18:10:20,946 [INFO] PluginManage:310 - Check plugin ipmanager
2023-10-15 18:10:20,955 [INFO] PluginManage:359 - Loaded plugin ipmanager (category:base,tabindex:5)
2023-10-15 18:10:20,956 [INFO] PluginManage:310 - Check plugin lpbam
2023-10-15 18:10:20,976 [INFO] PluginManage:359 - Loaded plugin lpbam (category:base,tabindex:0)
2023-10-15 18:10:20,977 [INFO] PluginManage:310 - Check plugin memorymap
2023-10-15 18:10:21,004 [INFO] PluginManage:359 - Loaded plugin memorymap (category:base,tabindex:4)
2023-10-15 18:10:21,004 [INFO] PluginManage:310 - Check plugin pinoutandconfiguration
2023-10-15 18:10:21,023 [INFO] PluginManage:359 - Loaded plugin pinoutandconfiguration (category:base,tabindex:1)
2023-10-15 18:10:21,023 [INFO] PluginManage:310 - Check plugin pinoutconfig
2023-10-15 18:10:21,206 [WARN] SupportedApi:132 - Cannot load RTOS API schema: s4s-elt-must-match.1: The content of 'definitions' must match (annotation?, (simpleType | complexType)?, (unique | key | keyref)*)). A problem was found starting at: attribute.
2023-10-15 18:10:21,373 [INFO] PluginManage:359 - Loaded plugin pinoutconfig (category:base,tabindex:0)
2023-10-15 18:10:21,373 [INFO] PluginManage:310 - Check plugin power
2023-10-15 18:10:21,398 [INFO] PluginManage:359 - Loaded plugin power (category:power,tabindex:4)
2023-10-15 18:10:21,398 [INFO] PluginManage:310 - Check plugin projectmanager
2023-10-15 18:10:21,412 [INFO] PluginManage:359 - Loaded plugin projectmanager (category:projectmanager,tabindex:3)
2023-10-15 18:10:21,412 [INFO] PluginManage:310 - Check plugin thirdparty
2023-10-15 18:10:21,703 [INFO] PluginManage:359 - Loaded plugin thirdparty (category:base,tabindex:-1)
2023-10-15 18:10:21,703 [INFO] PluginManage:310 - Check plugin tools
2023-10-15 18:10:21,703 [WARN] IntegrityCheckThread:84 - waiting for thirdparty lock release [integrity check]
2023-10-15 18:10:21,703 [INFO] IntegrityCheckThread:86 - entering critical section [integrity check]
2023-10-15 18:10:21,704 [INFO] ThirdPartyUpdaterWithRetryManager:70 - Updater plugin not ready yet. [1/15]
2023-10-15 18:10:21,739 [INFO] PluginManage:359 - Loaded plugin tools (category:base,tabindex:7)
2023-10-15 18:10:21,739 [INFO] PluginManage:310 - Check plugin tutovideos
2023-10-15 18:10:21,974 [INFO] PluginManage:359 - Loaded plugin tutovideos (category:base,tabindex:-1)
2023-10-15 18:10:21,974 [INFO] PluginManage:310 - Check plugin updater
2023-10-15 18:10:21,988 [INFO] PluginManage:359 - Loaded plugin updater (category:base,tabindex:12)
2023-10-15 18:10:21,988 [INFO] PluginManage:310 - Check plugin userauth
2023-10-15 18:10:21,995 [INFO] UserAuth:113 - Init User Auth plugin
2023-10-15 18:10:21,995 [INFO] PluginManage:359 - Loaded plugin userauth (category:base,tabindex:14)
2023-10-15 18:10:21,995 [INFO] PluginManage:283 - PluginManage : Loaded plugins [17]
2023-10-15 18:10:22,256 [INFO] PinOutPanel:1499 - setPackage(No Configuration,No Configuration)
2023-10-15 18:10:22,381 [INFO] CADModel:165 - CPN selected for project level
2023-10-15 18:10:22,382 [INFO] CADModel:114 - Register for checkConnection events
2023-10-15 18:10:22,412 [INFO] IPUIPlugin:80 - create IPUIPlugin
2023-10-15 18:10:22,413 [INFO] PluginManager:220 - loadIPPluginJar : add adc
2023-10-15 18:10:22,448 [INFO] IPUIPlugin:80 - create IPUIPlugin
2023-10-15 18:10:22,448 [INFO] PluginManager:220 - loadIPPluginJar : add aes
2023-10-15 18:10:22,488 [INFO] IPUIPlugin:80 - create IPUIPlugin
2023-10-15 18:10:22,488 [INFO] PluginManager:220 - loadIPPluginJar : add can
2023-10-15 18:10:22,512 [INFO] IPUIPlugin:80 - create IPUIPlugin
2023-10-15 18:10:22,512 [INFO] PluginManager:220 - loadIPPluginJar : add comp
2023-10-15 18:10:22,548 [INFO] IPUIPlugin:80 - create IPUIPlugin
2023-10-15 18:10:22,548 [INFO] PluginManager:220 - loadIPPluginJar : add cryp
2023-10-15 18:10:22,576 [INFO] IPUIPlugin:80 - create IPUIPlugin
2023-10-15 18:10:22,577 [INFO] PluginManager:220 - loadIPPluginJar : add dfsdm
2023-10-15 18:10:22,593 [INFO] IPUIPlugin:80 - create IPUIPlugin
2023-10-15 18:10:22,593 [INFO] PluginManager:220 - loadIPPluginJar : add dma
2023-10-15 18:10:22,639 [INFO] IPUIPlugin:80 - create IPUIPlugin
2023-10-15 18:10:22,639 [INFO] PluginManager:220 - loadIPPluginJar : add dma3
2023-10-15 18:10:22,660 [INFO] IPUIPlugin:80 - create IPUIPlugin
2023-10-15 18:10:22,661 [INFO] PluginManager:220 - loadIPPluginJar : add fatfs
2023-10-15 18:10:22,707 [INFO] IPUIPlugin:80 - create IPUIPlugin
2023-10-15 18:10:22,707 [INFO] PluginManager:220 - loadIPPluginJar : add fmc
2023-10-15 18:10:22,722 [INFO] IPUIPlugin:80 - create IPUIPlugin
2023-10-15 18:10:22,722 [INFO] PluginManager:220 - loadIPPluginJar : add freertos
2023-10-15 18:10:22,743 [INFO] IPUIPlugin:80 - create IPUIPlugin
2023-10-15 18:10:22,743 [INFO] PluginManager:220 - loadIPPluginJar : add genericplugin
2023-10-15 18:10:22,840 [INFO] IPUIPlugin:80 - create IPUIPlugin
2023-10-15 18:10:22,840 [INFO] PluginManager:220 - loadIPPluginJar : add gfxmmu
2023-10-15 18:10:22,974 [INFO] IPUIPlugin:80 - create IPUIPlugin
2023-10-15 18:10:22,975 [INFO] PluginManager:220 - loadIPPluginJar : add gic
2023-10-15 18:10:22,993 [INFO] IPUIPlugin:80 - create IPUIPlugin
2023-10-15 18:10:22,993 [INFO] PluginManager:220 - loadIPPluginJar : add gpio
2023-10-15 18:10:23,084 [INFO] IPUIPlugin:80 - create IPUIPlugin
2023-10-15 18:10:23,084 [INFO] PluginManager:220 - loadIPPluginJar : add gtzc
2023-10-15 18:10:23,117 [INFO] IPUIPlugin:80 - create IPUIPlugin
2023-10-15 18:10:23,117 [INFO] PluginManager:220 - loadIPPluginJar : add hash
2023-10-15 18:10:23,167 [INFO] IPUIPlugin:80 - create IPUIPlugin
2023-10-15 18:10:23,167 [INFO] PluginManager:220 - loadIPPluginJar : add i2c
2023-10-15 18:10:23,206 [INFO] IPUIPlugin:80 - create IPUIPlugin
2023-10-15 18:10:23,206 [INFO] PluginManager:220 - loadIPPluginJar : add i2s
2023-10-15 18:10:23,248 [INFO] IPUIPlugin:80 - create IPUIPlugin
2023-10-15 18:10:23,248 [INFO] PluginManager:220 - loadIPPluginJar : add i3c
2023-10-15 18:10:23,362 [INFO] IPUIPlugin:80 - create IPUIPlugin
2023-10-15 18:10:23,362 [INFO] PluginManager:220 - loadIPPluginJar : add ipddr
2023-10-15 18:10:23,455 [INFO] IPUIPlugin:80 - create IPUIPlugin
2023-10-15 18:10:23,455 [INFO] PluginManager:220 - loadIPPluginJar : add linkedlist
2023-10-15 18:10:23,493 [INFO] IPUIPlugin:80 - create IPUIPlugin
2023-10-15 18:10:23,493 [INFO] PluginManager:220 - loadIPPluginJar : add lorawan
2023-10-15 18:10:23,529 [INFO] IPUIPlugin:80 - create IPUIPlugin
2023-10-15 18:10:23,530 [INFO] PluginManager:220 - loadIPPluginJar : add ltdc
2023-10-15 18:10:23,546 [INFO] IPUIPlugin:80 - create IPUIPlugin
2023-10-15 18:10:23,546 [INFO] PluginManager:220 - loadIPPluginJar : add mdma
2023-10-15 18:10:23,558 [INFO] IPUIPlugin:80 - create IPUIPlugin
2023-10-15 18:10:23,558 [INFO] PluginManager:220 - loadIPPluginJar : add nvic
2023-10-15 18:10:23,593 [INFO] IPUIPlugin:80 - create IPUIPlugin
2023-10-15 18:10:23,593 [INFO] PluginManager:220 - loadIPPluginJar : add opamp
2023-10-15 18:10:23,654 [INFO] IPUIPlugin:80 - create IPUIPlugin
2023-10-15 18:10:23,655 [INFO] PluginManager:220 - loadIPPluginJar : add openamp
2023-10-15 18:10:23,696 [INFO] IPUIPlugin:80 - create IPUIPlugin
2023-10-15 18:10:23,696 [INFO] PluginManager:220 - loadIPPluginJar : add pdm2pcm
2023-10-15 18:10:23,710 [INFO] IPUIPlugin:80 - create IPUIPlugin
2023-10-15 18:10:23,713 [INFO] PluginManager:220 - loadIPPluginJar : add plateformsettings
2023-10-15 18:10:23,734 [INFO] IPUIPlugin:80 - create IPUIPlugin
2023-10-15 18:10:23,734 [INFO] PluginManager:220 - loadIPPluginJar : add quadspi
2023-10-15 18:10:23,746 [INFO] IPUIPlugin:80 - create IPUIPlugin
2023-10-15 18:10:23,746 [INFO] PluginManager:220 - loadIPPluginJar : add resmgrutility
2023-10-15 18:10:23,794 [INFO] IPUIPlugin:80 - create IPUIPlugin
2023-10-15 18:10:23,795 [INFO] PluginManager:220 - loadIPPluginJar : add sai
2023-10-15 18:10:23,833 [INFO] IPUIPlugin:80 - create IPUIPlugin
2023-10-15 18:10:23,833 [INFO] PluginManager:220 - loadIPPluginJar : add spi
2023-10-15 18:10:23,892 [INFO] IPUIPlugin:80 - create IPUIPlugin
2023-10-15 18:10:23,893 [INFO] PluginManager:220 - loadIPPluginJar : add stm32_wpan
2023-10-15 18:10:23,919 [INFO] IPUIPlugin:80 - create IPUIPlugin
2023-10-15 18:10:23,919 [INFO] PluginManager:220 - loadIPPluginJar : add tim
2023-10-15 18:10:23,973 [INFO] IPUIPlugin:80 - create IPUIPlugin
2023-10-15 18:10:23,973 [INFO] PluginManager:220 - loadIPPluginJar : add touchsensing
2023-10-15 18:10:23,995 [INFO] IPUIPlugin:80 - create IPUIPlugin
2023-10-15 18:10:23,995 [INFO] PluginManager:220 - loadIPPluginJar : add tracer_emb
2023-10-15 18:10:24,017 [INFO] IPUIPlugin:80 - create IPUIPlugin
2023-10-15 18:10:24,018 [INFO] PluginManager:220 - loadIPPluginJar : add ts
2023-10-15 18:10:24,039 [INFO] IPUIPlugin:80 - create IPUIPlugin
2023-10-15 18:10:24,039 [INFO] PluginManager:220 - loadIPPluginJar : add tsc
2023-10-15 18:10:24,062 [INFO] IPUIPlugin:80 - create IPUIPlugin
2023-10-15 18:10:24,062 [INFO] PluginManager:220 - loadIPPluginJar : add ucpd
2023-10-15 18:10:24,105 [INFO] IPUIPlugin:80 - create IPUIPlugin
2023-10-15 18:10:24,106 [INFO] PluginManager:220 - loadIPPluginJar : add usart
2023-10-15 18:10:24,147 [INFO] IPUIPlugin:80 - create IPUIPlugin
2023-10-15 18:10:24,147 [INFO] PluginManager:220 - loadIPPluginJar : add usbx
2023-10-15 18:10:24,274 [INFO] CADModel:165 - CPN selected for project level
2023-10-15 18:10:24,274 [INFO] CADModel:114 - Register for checkConnection events
2023-10-15 18:10:24,274 [FATAL] Updater:308 - Updater called before beeing initialized
2023-10-15 18:10:24,274 [ERROR] CADModel:125 - Updater not yet initialized, retry later 
2023-10-15 18:10:24,479 [INFO] CADModel:165 - CPN selected for project level
2023-10-15 18:10:24,480 [INFO] CADModel:114 - Register for checkConnection events
2023-10-15 18:10:24,480 [FATAL] Updater:308 - Updater called before beeing initialized
2023-10-15 18:10:24,480 [ERROR] CADModel:125 - Updater not yet initialized, retry later 
2023-10-15 18:10:24,485 [FATAL] Updater:308 - Updater called before beeing initialized
2023-10-15 18:10:24,607 [FATAL] Updater:308 - Updater called before beeing initialized
2023-10-15 18:10:24,616 [INFO] DbMcusAds:53 - JSON generation date=Tue Mar 07 05:50:55 BRT 2023 (1678179055114)
2023-10-15 18:10:24,616 [FATAL] Updater:308 - Updater called before beeing initialized
2023-10-15 18:10:24,706 [INFO] ThirdPartyUpdaterWithRetryManager:70 - Updater plugin not ready yet. [2/15]
2023-10-15 18:10:24,711 [WARN] DetailPanel:346 - Failed to get advertising image, set to default
2023-10-15 18:10:24,825 [FATAL] Updater:308 - Updater called before beeing initialized
2023-10-15 18:10:24,828 [FATAL] Updater:308 - Updater called before beeing initialized
2023-10-15 18:10:24,828 [FATAL] Updater:308 - Updater called before beeing initialized
2023-10-15 18:10:24,828 [WARN] DetailPanel:346 - Failed to get advertising image, set to default
2023-10-15 18:10:24,829 [FATAL] Updater:308 - Updater called before beeing initialized
2023-10-15 18:10:24,904 [ERROR] Updater:1120 - MainUpdater not yet initialized. External WinMGr cannot be set.
2023-10-15 18:10:24,916 [INFO] Updater:1056 - Updater Version found : 6.9.2
2023-10-15 18:10:24,936 [INFO] ApplicationProperties:184 - Using Application install path: C:\ST\STM32CubeIDE_1.13.2\STM32CubeIDE\plugins\com.st.stm32cube.common.mx_6.9.2.202309101412
2023-10-15 18:10:25,468 [INFO] MainUpdater:2868 - connection check result : 10
2023-10-15 18:10:25,468 [INFO] MainUpdater:3562 - Updater definition file requires update
2023-10-15 18:10:25,469 [INFO] MainUpdater:285 - Updater Check For Update Now.
2023-10-15 18:10:25,470 [INFO] MicroXplorer:498 - Change Database Version : DB.6.0.92
2023-10-15 18:10:25,527 [INFO] McuFinderGlobals:63 - Set McuFinder mode to 2 (CubeIDE integrated)
2023-10-15 18:10:25,527 [INFO] UserAuth:179 - activating auth plugin
2023-10-15 18:10:25,530 [INFO] UserAuth:393 - Internet connection configuration mode: 1
2023-10-15 18:10:25,567 [INFO] JxBrowserEngine:151 - Initiate JxBrowser Engine with user profile folder
2023-10-15 18:10:25,618 [INFO] ServerAccessManage:473 - Download File updaters.zip
2023-10-15 18:10:25,768 [INFO] FileExtend:240 - Unzip File : updaters.zip
2023-10-15 18:10:25,768 [INFO] FileExtend:255 - Standard Zip Deflate
2023-10-15 18:10:26,302 [INFO] ServerAccessManage:473 - Download File PacksControlFlags.xml
2023-10-15 18:10:27,707 [WARN] MainUpdater:1189 - Updater busy. Cannot search thirdparties
2023-10-15 18:10:27,707 [INFO] ThirdPartyUpdaterWithRetryManager:96 - Updater plugin is busy. [1/15]
2023-10-15 18:10:29,123 [INFO] WebApp:157 - Instantiating new browser for Auth
2023-10-15 18:10:29,915 [INFO] WebApp:753 - Register for checkConnection events
2023-10-15 18:10:29,915 [INFO] WebApp:390 - Apply proxy settings
2023-10-15 18:10:29,915 [INFO] WebApp:475 - Chromium requires no authentication
2023-10-15 18:10:29,928 [INFO] WebApp:418 - Direct internet connection detected
2023-10-15 18:10:30,178 [INFO] WebApp:188 - Starting web application
2023-10-15 18:10:30,178 [INFO] WebApp:520 - Web application path used C:\ST\STM32CubeIDE_1.13.2\STM32CubeIDE\plugins\com.st.stm32cube.common.mx_6.9.2.202309101412\db\plugins\mcufinder\reactClient1\index.html
2023-10-15 18:10:30,708 [WARN] MainUpdater:1189 - Updater busy. Cannot search thirdparties
2023-10-15 18:10:30,708 [INFO] ThirdPartyUpdaterWithRetryManager:96 - Updater plugin is busy. [2/15]
2023-10-15 18:10:32,131 [INFO] ServerAccessManage:473 - Download File cubemx.pidx
2023-10-15 18:10:32,284 [INFO] LoadServerUpdatesThread:373 - End of LoadServerUpdate Thread
2023-10-15 18:10:32,477 [INFO] CheckServerUpdateThread:120 - End of CheckServer Thread
2023-10-15 18:10:33,969 [WARN] PackLoader:240 - Cannot read IP mode file for wolfSSL.I-CUBE-wolfSSL.5.2.0
2023-10-15 18:10:33,990 [WARN] PackLoader:240 - Cannot read IP mode file for STMicroelectronics.X-CUBE-SMBUS.2.1.0
2023-10-15 18:10:34,046 [WARN] PackLoader:240 - Cannot read IP mode file for STMicroelectronics.X-CUBE-AZRTOS-F7.1.1.0
2023-10-15 18:10:34,070 [WARN] PackLoader:240 - Cannot read IP mode file for STMicroelectronics.X-CUBE-AI.7.1.0
2023-10-15 18:10:34,088 [WARN] PackLoader:240 - Cannot read IP mode file for STMicroelectronics.FP-SNS-MOTENV1.4.3.2
2023-10-15 18:10:34,105 [ERROR] RealEvaluatedCondition:428 - Found unsupported composite condition: GROUP='STM32_MetaDataManager' CLASS='Data Exchange'
2023-10-15 18:10:34,105 [ERROR] RealEvaluatedCondition:428 - Found unsupported composite condition: CLASS='Data Exchange' GROUP='STM32_MetaDataManager'
2023-10-15 18:10:34,108 [WARN] PackLoader:240 - Cannot read IP mode file for STMicroelectronics.FP-SNS-MOTENV1.4.3.1
2023-10-15 18:10:34,124 [WARN] PackLoader:240 - Cannot read IP mode file for STMicroelectronics.FP-SNS-FLIGHT1.5.0.1
2023-10-15 18:10:34,140 [WARN] PackLoader:240 - Cannot read IP mode file for STMicroelectronics.X-CUBE-BLE1.6.2.4
2023-10-15 18:10:34,154 [WARN] PackLoader:240 - Cannot read IP mode file for STMicroelectronics.X-CUBE-BLE1.6.2.2
2023-10-15 18:10:34,167 [WARN] PackLoader:240 - Cannot read IP mode file for STMicroelectronics.FP-SNS-FLIGHT1.5.0.2
2023-10-15 18:10:34,183 [WARN] PackLoader:240 - Cannot read IP mode file for STMicroelectronics.X-CUBE-BLE2.3.2.2
2023-10-15 18:10:34,205 [WARN] PackLoader:240 - Cannot read IP mode file for STMicroelectronics.X-CUBE-DISPLAY.3.0.0
2023-10-15 18:10:34,225 [WARN] PackLoader:240 - Cannot read IP mode file for STMicroelectronics.X-CUBE-BLE1.7.0.0
2023-10-15 18:10:34,242 [WARN] PackLoader:240 - Cannot read IP mode file for STMicroelectronics.X-CUBE-TOUCHGFX.4.22.0
2023-10-15 18:10:34,254 [WARN] PackLoader:240 - Cannot read IP mode file for STMicroelectronics.X-CUBE-TOUCHGFX.4.22.1
2023-10-15 18:10:34,276 [WARN] PackLoader:240 - Cannot read IP mode file for STMicroelectronics.X-CUBE-SUBG2.4.2.0
2023-10-15 18:10:34,295 [WARN] PackLoader:240 - Cannot read IP mode file for STMicroelectronics.FP-SNS-SMARTAG2.1.2.0
2023-10-15 18:10:34,322 [INFO] LogOutputStream:77 - [STDOUT_REDIRECT] 1 : Invalid condition id : UX_CORESTACK_Condition cause : null
2023-10-15 18:10:34,323 [INFO] LogOutputStream:77 - [STDOUT_REDIRECT] 1 : Invalid condition id : UX_CORESTACK_Condition cause : null
2023-10-15 18:10:34,325 [INFO] LogOutputStream:77 - [STDOUT_REDIRECT] 1 : Invalid condition id : UX_CORESTACK_Condition cause : null
2023-10-15 18:10:34,327 [INFO] LogOutputStream:77 - [STDOUT_REDIRECT] 1 : Invalid condition id : UX_CORESTACK_Condition cause : null
2023-10-15 18:10:34,330 [INFO] LogOutputStream:77 - [STDOUT_REDIRECT] 1 : Invalid condition id : UX_CORESTACK_Condition cause : null
2023-10-15 18:10:34,335 [WARN] PackLoader:240 - Cannot read IP mode file for STMicroelectronics.X-CUBE-AZRTOS-WL.2.0.0
2023-10-15 18:10:34,362 [WARN] PackLoader:240 - Cannot read IP mode file for WES.I-CUBE-Cesium.1.3.0
2023-10-15 18:10:34,375 [WARN] PackLoader:240 - Cannot read IP mode file for STMicroelectronics.X-CUBE-BLE2.3.3.0
2023-10-15 18:10:34,389 [WARN] PackLoader:240 - Cannot read IP mode file for STMicroelectronics.X-CUBE-TOUCHGFX.4.18.1
2023-10-15 18:10:34,404 [WARN] PackLoader:240 - Cannot read IP mode file for STMicroelectronics.X-CUBE-TOUCHGFX.4.21.4
2023-10-15 18:10:34,419 [WARN] PackLoader:240 - Cannot read IP mode file for STMicroelectronics.X-CUBE-ALGOBUILD.1.3.0
2023-10-15 18:10:34,456 [WARN] PackLoader:240 - Cannot read IP mode file for STMicroelectronics.X-CUBE-AZRTOS-G0.1.1.0
2023-10-15 18:10:34,475 [WARN] PackLoader:240 - Cannot read IP mode file for STMicroelectronics.X-CUBE-NFC4.3.0.0
2023-10-15 18:10:34,540 [WARN] PackLoader:240 - Cannot read IP mode file for SEGGER.I-CUBE-embOS.1.2.0
2023-10-15 18:10:34,623 [WARN] PackLoader:240 - Cannot read IP mode file for STMicroelectronics.X-CUBE-AZRTOS-H7.2.0.0
2023-10-15 18:10:34,637 [WARN] PackLoader:240 - Cannot read IP mode file for STMicroelectronics.FP-ATR-SIGFOX1.3.2.0
2023-10-15 18:10:34,681 [WARN] PackLoader:240 - Cannot read IP mode file for SEGGER.I-CUBE-embOS.1.3.1
2023-10-15 18:10:34,741 [WARN] PackLoader:240 - Cannot read IP mode file for STMicroelectronics.X-CUBE-DISPLAY.2.0.1
2023-10-15 18:10:34,763 [WARN] PackLoader:240 - Cannot read IP mode file for STMicroelectronics.X-CUBE-TOF1.3.0.0
2023-10-15 18:10:34,779 [WARN] PackLoader:240 - Cannot read IP mode file for STMicroelectronics.X-CUBE-GNSS1.6.0.0
2023-10-15 18:10:34,816 [WARN] PackLoader:240 - Cannot read IP mode file for STMicroelectronics.X-CUBE-AZRTOS-F4.1.1.0
2023-10-15 18:10:34,851 [WARN] PackLoader:240 - Cannot read IP mode file for STMicroelectronics.X-CUBE-AZRTOS-L5.2.0.0
2023-10-15 18:10:34,912 [WARN] PackLoader:240 - Cannot read IP mode file for STMicroelectronics.X-CUBE-MEMS1.9.6.0
2023-10-15 18:10:35,070 [WARN] PackLoader:240 - Cannot read IP mode file for ITTIA_DB.I-CUBE-ITTIADB.8.8.0
2023-10-15 18:10:35,089 [WARN] PackLoader:240 - Cannot read IP mode file for emotas.I-CUBE-CANOPEN.1.1.3
2023-10-15 18:10:35,108 [WARN] PackLoader:240 - Cannot read IP mode file for STMicroelectronics.X-CUBE-BLEMGR.2.0.0
2023-10-15 18:10:35,122 [WARN] PackLoader:240 - Cannot read IP mode file for STMicroelectronics.X-CUBE-NFC4.2.0.3
2023-10-15 18:10:35,155 [WARN] ConditionMgr:438 - getConditionDescription Invalid condition id : UX DEVICE CLASS RTOS Condition cause : null
2023-10-15 18:10:35,156 [WARN] ConditionMgr:438 - getConditionDescription Invalid condition id : UX DEVICE CLASS RTOS Condition cause : null
2023-10-15 18:10:35,159 [WARN] PackLoader:240 - Cannot read IP mode file for STMicroelectronics.X-CUBE-AZRTOS-H7.3.1.0
2023-10-15 18:10:35,160 [WARN] ConditionMgr:1039 - genDependencies : Invalid condition id : UX DEVICE CLASS RTOS Condition cause : null
2023-10-15 18:10:35,160 [WARN] ConditionMgr:1039 - genDependencies : Invalid condition id : UX DEVICE CLASS RTOS Condition cause : null
2023-10-15 18:10:35,161 [WARN] ConditionMgr:1039 - genDependencies : Invalid condition id : UX DEVICE CLASS RTOS Condition cause : null
2023-10-15 18:10:35,161 [WARN] ConditionMgr:1039 - genDependencies : Invalid condition id : UX DEVICE CLASS RTOS Condition cause : null
2023-10-15 18:10:35,162 [WARN] ConditionMgr:1039 - genDependencies : Invalid condition id : UX DEVICE CLASS RTOS Condition cause : null
2023-10-15 18:10:35,176 [WARN] PackLoader:240 - Cannot read IP mode file for STMicroelectronics.X-CUBE-SFXS2LP1.3.1.0
2023-10-15 18:10:35,205 [WARN] PackLoader:240 - Cannot read IP mode file for STMicroelectronics.X-CUBE-AZRTOS-F4.1.0.0
2023-10-15 18:10:35,220 [WARN] PackLoader:240 - Cannot read IP mode file for STMicroelectronics.X-CUBE-NFC7.1.0.1
2023-10-15 18:10:35,235 [WARN] PackLoader:240 - Cannot read IP mode file for STMicroelectronics.X-CUBE-NFC6.3.0.0
2023-10-15 18:10:35,249 [WARN] PackLoader:240 - Cannot read IP mode file for STMicroelectronics.X-CUBE-EEPRMA1.4.1.0
2023-10-15 18:10:35,263 [WARN] PackLoader:240 - Cannot read IP mode file for STMicroelectronics.X-CUBE-AI.8.1.0
2023-10-15 18:10:35,306 [WARN] PackLoader:240 - Cannot read IP mode file for STMicroelectronics.X-CUBE-AZRTOS-G0.1.0.0
2023-10-15 18:10:35,342 [WARN] ConditionMgr:438 - getConditionDescription Invalid condition id : LAN8742 Phy interface Condition cause : null
2023-10-15 18:10:35,343 [WARN] PackLoader:240 - Cannot read IP mode file for STMicroelectronics.X-CUBE-AZRTOS-L4.2.0.0
2023-10-15 18:10:35,344 [WARN] ConditionMgr:1039 - genDependencies : Invalid condition id : LAN8742 Phy interface Condition cause : null
2023-10-15 18:10:35,345 [WARN] ConditionMgr:1039 - genDependencies : Invalid condition id : LAN8742 Phy interface Condition cause : null
2023-10-15 18:10:35,345 [WARN] ConditionMgr:1039 - genDependencies : Invalid condition id : LAN8742 Phy interface Condition cause : null
2023-10-15 18:10:35,363 [WARN] PackLoader:240 - Cannot read IP mode file for STMicroelectronics.X-CUBE-SFXS2LP1.4.0.0
2023-10-15 18:10:35,375 [WARN] PackLoader:240 - Cannot read IP mode file for STMicroelectronics.X-CUBE-ISPU.1.1.0
2023-10-15 18:10:35,391 [WARN] PackLoader:240 - Cannot read IP mode file for RoweBots.I-CUBE-UNISONRTOS.5.5.0-4
2023-10-15 18:10:35,418 [WARN] ConditionMgr:438 - getConditionDescription Invalid condition id : UX DEVICE CLASS RTOS Condition cause : null
2023-10-15 18:10:35,419 [WARN] ConditionMgr:438 - getConditionDescription Invalid condition id : UX DEVICE CLASS RTOS Condition cause : null
2023-10-15 18:10:35,421 [WARN] PackLoader:240 - Cannot read IP mode file for STMicroelectronics.X-CUBE-AZRTOS-WB.2.0.0
2023-10-15 18:10:35,422 [WARN] ConditionMgr:1039 - genDependencies : Invalid condition id : UX DEVICE CLASS RTOS Condition cause : null
2023-10-15 18:10:35,422 [WARN] ConditionMgr:1039 - genDependencies : Invalid condition id : UX DEVICE CLASS RTOS Condition cause : null
2023-10-15 18:10:35,423 [WARN] ConditionMgr:1039 - genDependencies : Invalid condition id : UX DEVICE CLASS RTOS Condition cause : null
2023-10-15 18:10:35,423 [WARN] ConditionMgr:1039 - genDependencies : Invalid condition id : UX DEVICE CLASS RTOS Condition cause : null
2023-10-15 18:10:35,423 [WARN] ConditionMgr:1039 - genDependencies : Invalid condition id : UX DEVICE CLASS RTOS Condition cause : null
2023-10-15 18:10:35,436 [WARN] PackLoader:240 - Cannot read IP mode file for STMicroelectronics.X-CUBE-FREERTOS.1.0.1
2023-10-15 18:10:35,462 [WARN] PackLoader:240 - Cannot read IP mode file for STMicroelectronics.X-CUBE-AZRTOS-L5.1.1.0
2023-10-15 18:10:35,475 [WARN] PackLoader:240 - Cannot read IP mode file for STMicroelectronics.X-CUBE-AI.8.0.1
2023-10-15 18:10:35,493 [WARN] PackLoader:240 - Cannot read IP mode file for STMicroelectronics.X-CUBE-SUBG2.5.0.0
2023-10-15 18:10:35,516 [WARN] PackLoader:240 - Cannot read IP mode file for STMicroelectronics.X-CUBE-TOF1.3.3.1
2023-10-15 18:10:35,549 [WARN] PackLoader:240 - Cannot read IP mode file for STMicroelectronics.X-CUBE-AZRTOS-G4.2.0.0
2023-10-15 18:10:35,569 [WARN] PackLoader:240 - Cannot read IP mode file for STMicroelectronics.X-CUBE-TOF1.3.3.0
2023-10-15 18:10:35,598 [WARN] PackLoader:240 - Cannot read IP mode file for Infineon.AIROC-Wi-Fi-Bluetooth-STM32.1.5.1
2023-10-15 18:10:35,626 [WARN] PackLoader:240 - Cannot read IP mode file for STMicroelectronics.X-CUBE-AZRTOS-G4.1.0.0
2023-10-15 18:10:35,653 [WARN] PackLoader:240 - Cannot read IP mode file for STMicroelectronics.X-CUBE-AZRTOS-L4.1.0.0
2023-10-15 18:10:35,667 [WARN] PackLoader:240 - Cannot read IP mode file for STMicroelectronics.X-CUBE-FREERTOS.1.1.0
2023-10-15 18:10:35,694 [WARN] PackLoader:240 - Cannot read IP mode file for STMicroelectronics.X-CUBE-AZRTOS-F7.1.0.0
2023-10-15 18:10:35,716 [WARN] PackLoader:240 - Cannot read IP mode file for STMicroelectronics.X-CUBE-AZRTOS-WL.1.0.0
2023-10-15 18:10:35,759 [WARN] PackLoader:240 - Cannot read IP mode file for STMicroelectronics.X-CUBE-MEMS1.9.1.0
2023-10-15 18:10:35,853 [WARN] PackLoader:240 - Cannot read IP mode file for portGmbH.I-Cube-SoM-uGOAL.1.1.0
2023-10-15 18:10:35,864 [WARN] PackLoader:240 - Cannot read IP mode file for STMicroelectronics.X-CUBE-ALS.1.0.1
2023-10-15 18:10:35,888 [WARN] PackLoader:240 - Cannot read IP mode file for STMicroelectronics.X-CUBE-AZRTOS-WB.1.1.0
2023-10-15 18:10:35,916 [WARN] PackLoader:240 - Cannot read IP mode file for STMicroelectronics.X-CUBE-AZRTOS-L5.1.0.0
2023-10-15 18:10:35,927 [WARN] PackLoader:240 - Cannot read IP mode file for STMicroelectronics.X-CUBE-EEPRMA1.3.1.1
2023-10-15 18:10:35,940 [WARN] PackLoader:240 - Cannot read IP mode file for STMicroelectronics.X-CUBE-GNSS1.5.2.0
2023-10-15 18:10:35,952 [WARN] PackLoader:240 - Cannot read IP mode file for STMicroelectronics.FP-ATR-ASTRA1.2.0.0
2023-10-15 18:10:35,953 [INFO] ThirdParty:978 - Integrity check success = true
2023-10-15 18:10:35,953 [INFO] IntegrityCheckThread:100 - exiting critical section [integrity check]
2023-10-15 18:10:35,953 [INFO] IntegrityCheckThread:103 - End integrity checks thread
2023-10-15 18:10:51,210 [ERROR] LogOutputStream:75 - [STDERR_REDIRECT] SLF4J: Failed to load class "org.slf4j.impl.StaticLoggerBinder".
2023-10-15 18:10:51,210 [ERROR] LogOutputStream:75 - [STDERR_REDIRECT] SLF4J: Defaulting to no-operation (NOP) logger implementation
2023-10-15 18:10:51,212 [ERROR] LogOutputStream:75 - [STDERR_REDIRECT] SLF4J: See http://www.slf4j.org/codes.html#StaticLoggerBinder for further details.
2023-10-15 18:11:26,643 [INFO] LogOutputStream:77 - [STDOUT_REDIRECT] Unexpected error loading extension: org.eclipse.equinox.p2.metadata.repository.simpleRepository
2023-10-15 18:11:26,646 [ERROR] LogOutputStream:75 - [STDERR_REDIRECT] java.lang.IllegalStateException: Attempt to access stopped agent: org.eclipse.equinox.internal.p2.core.ProvisioningAgent@6f774b05
2023-10-15 18:11:26,648 [ERROR] LogOutputStream:75 - [STDERR_REDIRECT] 	at org.eclipse.equinox.internal.p2.core.ProvisioningAgent.checkRunning(ProvisioningAgent.java:86)
2023-10-15 18:11:26,651 [ERROR] LogOutputStream:75 - [STDERR_REDIRECT] 	at org.eclipse.equinox.internal.p2.core.ProvisioningAgent.getService(ProvisioningAgent.java:50)
2023-10-15 18:11:26,657 [ERROR] LogOutputStream:75 - [STDERR_REDIRECT] 	at org.eclipse.equinox.p2.core.IProvisioningAgent.getService(IProvisioningAgent.java:86)
2023-10-15 18:11:26,659 [ERROR] LogOutputStream:75 - [STDERR_REDIRECT] 	at org.eclipse.equinox.internal.p2.metadata.repository.LocalMetadataRepository.publishRepositoryReferences(LocalMetadataRepository.java:178)
2023-10-15 18:11:26,662 [ERROR] LogOutputStream:75 - [STDERR_REDIRECT] 	at org.eclipse.equinox.internal.p2.metadata.repository.LocalMetadataRepository.initialize(LocalMetadataRepository.java:171)
2023-10-15 18:11:26,665 [ERROR] LogOutputStream:75 - [STDERR_REDIRECT] 	at org.eclipse.equinox.internal.p2.metadata.repository.MetadataRepositoryIO$Parser$RepositoryHandler.finished(MetadataRepositoryIO.java:334)
2023-10-15 18:11:26,669 [ERROR] LogOutputStream:75 - [STDERR_REDIRECT] 	at org.eclipse.equinox.internal.p2.persistence.XMLParser$AbstractHandler.endElement(XMLParser.java:174)
2023-10-15 18:11:26,672 [ERROR] LogOutputStream:75 - [STDERR_REDIRECT] 	at java.xml/com.sun.org.apache.xerces.internal.parsers.AbstractSAXParser.endElement(AbstractSAXParser.java:618)
2023-10-15 18:11:26,675 [ERROR] LogOutputStream:75 - [STDERR_REDIRECT] 	at java.xml/com.sun.org.apache.xerces.internal.impl.XMLDocumentFragmentScannerImpl.scanEndElement(XMLDocumentFragmentScannerImpl.java:1728)
2023-10-15 18:11:26,679 [ERROR] LogOutputStream:75 - [STDERR_REDIRECT] 	at java.xml/com.sun.org.apache.xerces.internal.impl.XMLDocumentFragmentScannerImpl$FragmentContentDriver.next(XMLDocumentFragmentScannerImpl.java:2899)
2023-10-15 18:11:26,689 [ERROR] LogOutputStream:75 - [STDERR_REDIRECT] 	at java.xml/com.sun.org.apache.xerces.internal.impl.XMLDocumentScannerImpl.next(XMLDocumentScannerImpl.java:605)
2023-10-15 18:11:26,691 [ERROR] LogOutputStream:75 - [STDERR_REDIRECT] 	at java.xml/com.sun.org.apache.xerces.internal.impl.XMLNSDocumentScannerImpl.next(XMLNSDocumentScannerImpl.java:112)
2023-10-15 18:11:26,694 [ERROR] LogOutputStream:75 - [STDERR_REDIRECT] 	at java.xml/com.sun.org.apache.xerces.internal.impl.XMLDocumentFragmentScannerImpl.scanDocument(XMLDocumentFragmentScannerImpl.java:542)
2023-10-15 18:11:26,697 [ERROR] LogOutputStream:75 - [STDERR_REDIRECT] 	at java.xml/com.sun.org.apache.xerces.internal.parsers.XML11Configuration.parse(XML11Configuration.java:889)
2023-10-15 18:11:26,710 [ERROR] LogOutputStream:75 - [STDERR_REDIRECT] 	at java.xml/com.sun.org.apache.xerces.internal.parsers.XML11Configuration.parse(XML11Configuration.java:825)
2023-10-15 18:11:26,714 [ERROR] LogOutputStream:75 - [STDERR_REDIRECT] 	at java.xml/com.sun.org.apache.xerces.internal.parsers.XMLParser.parse(XMLParser.java:141)
2023-10-15 18:11:26,726 [ERROR] LogOutputStream:75 - [STDERR_REDIRECT] 	at java.xml/com.sun.org.apache.xerces.internal.parsers.AbstractSAXParser.parse(AbstractSAXParser.java:1224)
2023-10-15 18:11:26,728 [ERROR] LogOutputStream:75 - [STDERR_REDIRECT] 	at java.xml/com.sun.org.apache.xerces.internal.jaxp.SAXParserImpl$JAXPSAXParser.parse(SAXParserImpl.java:637)
2023-10-15 18:11:26,731 [ERROR] LogOutputStream:75 - [STDERR_REDIRECT] 	at org.eclipse.equinox.internal.p2.metadata.repository.MetadataRepositoryIO$Parser.parse(MetadataRepositoryIO.java:206)
2023-10-15 18:11:26,734 [ERROR] LogOutputStream:75 - [STDERR_REDIRECT] 	at org.eclipse.equinox.internal.p2.metadata.repository.MetadataRepositoryIO.read(MetadataRepositoryIO.java:66)
2023-10-15 18:11:26,737 [ERROR] LogOutputStream:75 - [STDERR_REDIRECT] 	at org.eclipse.equinox.internal.p2.metadata.repository.SimpleMetadataRepositoryFactory.load(SimpleMetadataRepositoryFactory.java:108)
